2023-04-14T09:51:15,155 - CPUUtilization.Percent:0.0|#Level:Host|#hostname:DESKTOP-LU4DJEU,timestamp:1681480275
2023-04-14T09:51:15,156 - DiskAvailable.Gigabytes:146.96705627441406|#Level:Host|#hostname:DESKTOP-LU4DJEU,timestamp:1681480275
2023-04-14T09:51:15,156 - DiskUsage.Gigabytes:91.1998062133789|#Level:Host|#hostname:DESKTOP-LU4DJEU,timestamp:1681480275
2023-04-14T09:51:15,156 - DiskUtilization.Percent:38.3|#Level:Host|#hostname:DESKTOP-LU4DJEU,timestamp:1681480275
2023-04-14T09:51:15,156 - GPUMemoryUtilization.Percent:45.068359375|#Level:Host,device_id:0|#hostname:DESKTOP-LU4DJEU,timestamp:1681480275
2023-04-14T09:51:15,156 - GPUMemoryUsed.Megabytes:923|#Level:Host,device_id:0|#hostname:DESKTOP-LU4DJEU,timestamp:1681480275
2023-04-14T09:51:15,156 - GPUUtilization.Percent:5|#Level:Host,device_id:0|#hostname:DESKTOP-LU4DJEU,timestamp:1681480275
2023-04-14T09:51:15,156 - MemoryAvailable.Megabytes:22961.546875|#Level:Host|#hostname:DESKTOP-LU4DJEU,timestamp:1681480275
2023-04-14T09:51:15,156 - MemoryUsed.Megabytes:2292.76171875|#Level:Host|#hostname:DESKTOP-LU4DJEU,timestamp:1681480275
2023-04-14T09:51:15,156 - MemoryUtilization.Percent:10.4|#Level:Host|#hostname:DESKTOP-LU4DJEU,timestamp:1681480275
2023-04-14T10:14:15,434 - CPUUtilization.Percent:0.0|#Level:Host|#hostname:DESKTOP-LU4DJEU,timestamp:1681481655
2023-04-14T10:14:15,434 - DiskAvailable.Gigabytes:146.38282012939453|#Level:Host|#hostname:DESKTOP-LU4DJEU,timestamp:1681481655
2023-04-14T10:14:15,434 - DiskUsage.Gigabytes:91.78404235839844|#Level:Host|#hostname:DESKTOP-LU4DJEU,timestamp:1681481655
2023-04-14T10:14:15,434 - DiskUtilization.Percent:38.5|#Level:Host|#hostname:DESKTOP-LU4DJEU,timestamp:1681481655
2023-04-14T10:14:15,435 - GPUMemoryUtilization.Percent:49.365234375|#Level:Host,device_id:0|#hostname:DESKTOP-LU4DJEU,timestamp:1681481655
2023-04-14T10:14:15,435 - GPUMemoryUsed.Megabytes:1011|#Level:Host,device_id:0|#hostname:DESKTOP-LU4DJEU,timestamp:1681481655
2023-04-14T10:14:15,435 - GPUUtilization.Percent:0|#Level:Host,device_id:0|#hostname:DESKTOP-LU4DJEU,timestamp:1681481655
2023-04-14T10:14:15,435 - MemoryAvailable.Megabytes:23028.62890625|#Level:Host|#hostname:DESKTOP-LU4DJEU,timestamp:1681481655
2023-04-14T10:14:15,435 - MemoryUsed.Megabytes:2216.37109375|#Level:Host|#hostname:DESKTOP-LU4DJEU,timestamp:1681481655
2023-04-14T10:14:15,435 - MemoryUtilization.Percent:10.1|#Level:Host|#hostname:DESKTOP-LU4DJEU,timestamp:1681481655
2023-04-14T10:15:15,447 - CPUUtilization.Percent:66.7|#Level:Host|#hostname:DESKTOP-LU4DJEU,timestamp:1681481715
2023-04-14T10:15:15,447 - DiskAvailable.Gigabytes:146.38271713256836|#Level:Host|#hostname:DESKTOP-LU4DJEU,timestamp:1681481715
2023-04-14T10:15:15,447 - DiskUsage.Gigabytes:91.78414535522461|#Level:Host|#hostname:DESKTOP-LU4DJEU,timestamp:1681481715
2023-04-14T10:15:15,447 - DiskUtilization.Percent:38.5|#Level:Host|#hostname:DESKTOP-LU4DJEU,timestamp:1681481715
2023-04-14T10:15:15,447 - GPUMemoryUtilization.Percent:51.904296875|#Level:Host,device_id:0|#hostname:DESKTOP-LU4DJEU,timestamp:1681481715
2023-04-14T10:15:15,447 - GPUMemoryUsed.Megabytes:1063|#Level:Host,device_id:0|#hostname:DESKTOP-LU4DJEU,timestamp:1681481715
2023-04-14T10:15:15,447 - GPUUtilization.Percent:0|#Level:Host,device_id:0|#hostname:DESKTOP-LU4DJEU,timestamp:1681481715
2023-04-14T10:15:15,447 - MemoryAvailable.Megabytes:22706.76171875|#Level:Host|#hostname:DESKTOP-LU4DJEU,timestamp:1681481715
2023-04-14T10:15:15,447 - MemoryUsed.Megabytes:2538.12890625|#Level:Host|#hostname:DESKTOP-LU4DJEU,timestamp:1681481715
2023-04-14T10:15:15,447 - MemoryUtilization.Percent:11.3|#Level:Host|#hostname:DESKTOP-LU4DJEU,timestamp:1681481715
2023-04-14T10:32:36,550 - CPUUtilization.Percent:66.7|#Level:Host|#hostname:DESKTOP-LU4DJEU,timestamp:1681482756
2023-04-14T10:32:36,550 - DiskAvailable.Gigabytes:146.57262420654297|#Level:Host|#hostname:DESKTOP-LU4DJEU,timestamp:1681482756
2023-04-14T10:32:36,551 - DiskUsage.Gigabytes:91.59423828125|#Level:Host|#hostname:DESKTOP-LU4DJEU,timestamp:1681482756
2023-04-14T10:32:36,551 - DiskUtilization.Percent:38.5|#Level:Host|#hostname:DESKTOP-LU4DJEU,timestamp:1681482756
2023-04-14T10:32:36,551 - GPUMemoryUtilization.Percent:50.5859375|#Level:Host,device_id:0|#hostname:DESKTOP-LU4DJEU,timestamp:1681482756
2023-04-14T10:32:36,551 - GPUMemoryUsed.Megabytes:1036|#Level:Host,device_id:0|#hostname:DESKTOP-LU4DJEU,timestamp:1681482756
2023-04-14T10:32:36,551 - GPUUtilization.Percent:0|#Level:Host,device_id:0|#hostname:DESKTOP-LU4DJEU,timestamp:1681482756
2023-04-14T10:32:36,551 - MemoryAvailable.Megabytes:22886.6875|#Level:Host|#hostname:DESKTOP-LU4DJEU,timestamp:1681482756
2023-04-14T10:32:36,552 - MemoryUsed.Megabytes:2360.9921875|#Level:Host|#hostname:DESKTOP-LU4DJEU,timestamp:1681482756
2023-04-14T10:32:36,552 - MemoryUtilization.Percent:10.6|#Level:Host|#hostname:DESKTOP-LU4DJEU,timestamp:1681482756
2023-04-14T10:33:14,464 - CPUUtilization.Percent:50.0|#Level:Host|#hostname:DESKTOP-LU4DJEU,timestamp:1681482794
2023-04-14T10:33:14,465 - DiskAvailable.Gigabytes:146.57277297973633|#Level:Host|#hostname:DESKTOP-LU4DJEU,timestamp:1681482794
2023-04-14T10:33:14,465 - DiskUsage.Gigabytes:91.59408950805664|#Level:Host|#hostname:DESKTOP-LU4DJEU,timestamp:1681482794
2023-04-14T10:33:14,465 - DiskUtilization.Percent:38.5|#Level:Host|#hostname:DESKTOP-LU4DJEU,timestamp:1681482794
2023-04-14T10:33:14,466 - GPUMemoryUtilization.Percent:51.171875|#Level:Host,device_id:0|#hostname:DESKTOP-LU4DJEU,timestamp:1681482794
2023-04-14T10:33:14,466 - GPUMemoryUsed.Megabytes:1048|#Level:Host,device_id:0|#hostname:DESKTOP-LU4DJEU,timestamp:1681482794
2023-04-14T10:33:14,466 - GPUUtilization.Percent:4|#Level:Host,device_id:0|#hostname:DESKTOP-LU4DJEU,timestamp:1681482794
2023-04-14T10:33:14,466 - MemoryAvailable.Megabytes:22868.9375|#Level:Host|#hostname:DESKTOP-LU4DJEU,timestamp:1681482794
2023-04-14T10:33:14,466 - MemoryUsed.Megabytes:2380.53125|#Level:Host|#hostname:DESKTOP-LU4DJEU,timestamp:1681482794
2023-04-14T10:33:14,467 - MemoryUtilization.Percent:10.7|#Level:Host|#hostname:DESKTOP-LU4DJEU,timestamp:1681482794
